build/outputs/logs/manifest-merger-debug-report.txt
-- Merging decision tree log ---
manifest
ADDED from AndroidManifest.xml:2:1
	xmlns:android
		ADDED from AndroidManifest.xml:2:11
	package
		ADDED from AndroidManifest.xml:3:7
	android:versionName
		ADDED from AndroidManifest.xml:5:7
	android:versionCode
		ADDED from AndroidManifest.xml:4:7
		INJECTED from AndroidManifest.xml:0:0
		INJECTED from AndroidManifest.xml:0:0
uses-sdk
ADDED from AndroidManifest.xml:6:5
	android:minSdkVersion
		ADDED from AndroidManifest.xml:6:15
application
ADDED from AndroidManifest.xml:8:5
	android:label
		ADDED from AndroidManifest.xml:8:75
	android:icon
		ADDED from AndroidManifest.xml:8:45
	android:name
		ADDED from AndroidManifest.xml:8:18
activity#net.oschina.app.AppStart
ADDED from AndroidManifest.xml:9:9
	android:screenOrientation
		ADDED from AndroidManifest.xml:9:103
	android:theme
		ADDED from AndroidManifest.xml:9:44
	android:name
		ADDED from AndroidManifest.xml:9:19
intent-filter#android.intent.action.MAIN+android.intent.category.LAUNCHER
ADDED from AndroidManifest.xml:10:13
action#android.intent.action.MAIN
ADDED from AndroidManifest.xml:11:17
	android:name
		ADDED from AndroidManifest.xml:11:25
category#android.intent.category.LAUNCHER
ADDED from AndroidManifest.xml:12:17
	android:name
		ADDED from AndroidManifest.xml:12:27
activity#net.oschina.app.ui.About
ADDED from AndroidManifest.xml:15:3
	android:screenOrientation
		ADDED from AndroidManifest.xml:15:77
	android:configChanges
		ADDED from AndroidManifest.xml:15:114
	android:theme
		ADDED from AndroidManifest.xml:15:38
	android:name
		ADDED from AndroidManifest.xml:15:13
	android:launchMode
		ADDED from AndroidManifest.xml:15:165
activity#net.oschina.app.ui.FeedBack
ADDED from AndroidManifest.xml:16:3
	android:windowSoftInputMode
		ADDED from AndroidManifest.xml:16:206
	android:screenOrientation
		ADDED from AndroidManifest.xml:16:86
	android:configChanges
		ADDED from AndroidManifest.xml:16:123
	android:theme
		ADDED from AndroidManifest.xml:16:41
	android:name
		ADDED from AndroidManifest.xml:16:13
	android:launchMode
		ADDED from AndroidManifest.xml:16:174
activity#net.oschina.app.ui.Main
ADDED from AndroidManifest.xml:17:3
	android:screenOrientation
		ADDED from AndroidManifest.xml:17:77
	android:configChanges
		ADDED from AndroidManifest.xml:17:114
	android:theme
		ADDED from AndroidManifest.xml:17:37
	android:name
		ADDED from AndroidManifest.xml:17:13
	android:launchMode
		ADDED from AndroidManifest.xml:17:165
activity#net.oschina.app.ui.LoginDialog
ADDED from AndroidManifest.xml:18:3
	android:windowSoftInputMode
		ADDED from AndroidManifest.xml:18:209
	android:screenOrientation
		ADDED from AndroidManifest.xml:18:89
	android:configChanges
		ADDED from AndroidManifest.xml:18:126
	android:theme
		ADDED from AndroidManifest.xml:18:44
	android:name
		ADDED from AndroidManifest.xml:18:13
	android:launchMode
		ADDED from AndroidManifest.xml:18:177
activity#net.oschina.app.ui.NewsDetail
ADDED from AndroidManifest.xml:19:3
	android:configChanges
		ADDED from AndroidManifest.xml:19:81
	android:theme
		ADDED from AndroidManifest.xml:19:43
	android:name
		ADDED from AndroidManifest.xml:19:13
activity#net.oschina.app.ui.SoftwareLib
ADDED from AndroidManifest.xml:20:3
	android:screenOrientation
		ADDED from AndroidManifest.xml:20:83
	android:configChanges
		ADDED from AndroidManifest.xml:20:120
	android:theme
		ADDED from AndroidManifest.xml:20:44
	android:name
		ADDED from AndroidManifest.xml:20:13
	android:launchMode
		ADDED from AndroidManifest.xml:20:171
activity#net.oschina.app.ui.SoftwareDetail
ADDED from AndroidManifest.xml:21:3
	android:configChanges
		ADDED from AndroidManifest.xml:21:85
	android:theme
		ADDED from AndroidManifest.xml:21:47
	android:name
		ADDED from AndroidManifest.xml:21:13
activity#net.oschina.app.ui.BlogDetail
ADDED from AndroidManifest.xml:22:3
	android:configChanges
		ADDED from AndroidManifest.xml:22:81
	android:theme
		ADDED from AndroidManifest.xml:22:43
	android:name
		ADDED from AndroidManifest.xml:22:13
activity#net.oschina.app.ui.QuestionTag
ADDED from AndroidManifest.xml:23:3
	android:screenOrientation
		ADDED from AndroidManifest.xml:23:82
	android:configChanges
		ADDED from AndroidManifest.xml:23:119
	android:theme
		ADDED from AndroidManifest.xml:23:44
	android:name
		ADDED from AndroidManifest.xml:23:13
activity#net.oschina.app.ui.QuestionDetail
ADDED from AndroidManifest.xml:24:3
	android:configChanges
		ADDED from AndroidManifest.xml:24:85
	android:theme
		ADDED from AndroidManifest.xml:24:47
	android:name
		ADDED from AndroidManifest.xml:24:13
activity#net.oschina.app.ui.QuestionPub
ADDED from AndroidManifest.xml:25:3
	android:windowSoftInputMode
		ADDED from AndroidManifest.xml:25:171
	android:screenOrientation
		ADDED from AndroidManifest.xml:25:83
	android:configChanges
		ADDED from AndroidManifest.xml:25:120
	android:theme
		ADDED from AndroidManifest.xml:25:44
	android:name
		ADDED from AndroidManifest.xml:25:13
activity#net.oschina.app.ui.TweetDetail
ADDED from AndroidManifest.xml:26:3
	android:configChanges
		ADDED from AndroidManifest.xml:26:82
	android:theme
		ADDED from AndroidManifest.xml:26:44
	android:name
		ADDED from AndroidManifest.xml:26:13
activity#net.oschina.app.ui.TweetPub
ADDED from AndroidManifest.xml:27:3
	android:windowSoftInputMode
		ADDED from AndroidManifest.xml:27:168
	android:screenOrientation
		ADDED from AndroidManifest.xml:27:80
	android:configChanges
		ADDED from AndroidManifest.xml:27:117
	android:theme
		ADDED from AndroidManifest.xml:27:41
	android:name
		ADDED from AndroidManifest.xml:27:13
activity#net.oschina.app.ui.MessageDetail
ADDED from AndroidManifest.xml:28:3
	android:screenOrientation
		ADDED from AndroidManifest.xml:28:84
	android:configChanges
		ADDED from AndroidManifest.xml:28:121
	android:theme
		ADDED from AndroidManifest.xml:28:46
	android:name
		ADDED from AndroidManifest.xml:28:13
activity#net.oschina.app.ui.MessagePub
ADDED from AndroidManifest.xml:29:3
	android:windowSoftInputMode
		ADDED from AndroidManifest.xml:29:169
	android:screenOrientation
		ADDED from AndroidManifest.xml:29:81
	android:configChanges
		ADDED from AndroidManifest.xml:29:118
	android:theme
		ADDED from AndroidManifest.xml:29:43
	android:name
		ADDED from AndroidManifest.xml:29:13
activity#net.oschina.app.ui.MessageForward
ADDED from AndroidManifest.xml:30:3
	android:windowSoftInputMode
		ADDED from AndroidManifest.xml:30:173
	android:screenOrientation
		ADDED from AndroidManifest.xml:30:85
	android:configChanges
		ADDED from AndroidManifest.xml:30:122
	android:theme
		ADDED from AndroidManifest.xml:30:47
	android:name
		ADDED from AndroidManifest.xml:30:13
activity#net.oschina.app.ui.CommentPub
ADDED from AndroidManifest.xml:31:3
	android:windowSoftInputMode
		ADDED from AndroidManifest.xml:31:170
	android:screenOrientation
		ADDED from AndroidManifest.xml:31:82
	android:configChanges
		ADDED from AndroidManifest.xml:31:119
	android:theme
		ADDED from AndroidManifest.xml:31:43
	android:name
		ADDED from AndroidManifest.xml:31:13
activity#net.oschina.app.ui.Setting
ADDED from AndroidManifest.xml:32:3
	android:screenOrientation
		ADDED from AndroidManifest.xml:32:80
	android:configChanges
		ADDED from AndroidManifest.xml:32:117
	android:theme
		ADDED from AndroidManifest.xml:32:40
	android:name
		ADDED from AndroidManifest.xml:32:13
	android:launchMode
		ADDED from AndroidManifest.xml:32:168
activity#net.oschina.app.ui.Search
ADDED from AndroidManifest.xml:33:3
	android:windowSoftInputMode
		ADDED from AndroidManifest.xml:33:198
	android:screenOrientation
		ADDED from AndroidManifest.xml:33:78
	android:configChanges
		ADDED from AndroidManifest.xml:33:115
	android:theme
		ADDED from AndroidManifest.xml:33:39
	android:name
		ADDED from AndroidManifest.xml:33:13
	android:launchMode
		ADDED from AndroidManifest.xml:33:166
activity#net.oschina.app.ui.UserInfo
ADDED from AndroidManifest.xml:34:3
	android:screenOrientation
		ADDED from AndroidManifest.xml:34:80
	android:configChanges
		ADDED from AndroidManifest.xml:34:117
	android:theme
		ADDED from AndroidManifest.xml:34:41
	android:name
		ADDED from AndroidManifest.xml:34:13
	android:launchMode
		ADDED from AndroidManifest.xml:34:168
activity#net.oschina.app.ui.UserCenter
ADDED from AndroidManifest.xml:35:3
	android:screenOrientation
		ADDED from AndroidManifest.xml:35:82
	android:configChanges
		ADDED from AndroidManifest.xml:35:119
	android:theme
		ADDED from AndroidManifest.xml:35:43
	android:name
		ADDED from AndroidManifest.xml:35:13
activity#net.oschina.app.ui.UserFavorite
ADDED from AndroidManifest.xml:36:3
	android:screenOrientation
		ADDED from AndroidManifest.xml:36:84
	android:configChanges
		ADDED from AndroidManifest.xml:36:121
	android:theme
		ADDED from AndroidManifest.xml:36:45
	android:name
		ADDED from AndroidManifest.xml:36:13
	android:launchMode
		ADDED from AndroidManifest.xml:36:172
activity#net.oschina.app.ui.UserFriend
ADDED from AndroidManifest.xml:37:3
	android:screenOrientation
		ADDED from AndroidManifest.xml:37:82
	android:configChanges
		ADDED from AndroidManifest.xml:37:119
	android:theme
		ADDED from AndroidManifest.xml:37:43
	android:name
		ADDED from AndroidManifest.xml:37:13
	android:launchMode
		ADDED from AndroidManifest.xml:37:170
activity#net.oschina.app.ui.ImageDialog
ADDED from AndroidManifest.xml:38:3
	android:screenOrientation
		ADDED from AndroidManifest.xml:38:89
	android:configChanges
		ADDED from AndroidManifest.xml:38:126
	android:theme
		ADDED from AndroidManifest.xml:38:44
	android:name
		ADDED from AndroidManifest.xml:38:13
	android:launchMode
		ADDED from AndroidManifest.xml:38:177
activity#net.oschina.app.ui.ImageZoomDialog
ADDED from AndroidManifest.xml:39:3
	android:configChanges
		ADDED from AndroidManifest.xml:39:98
	android:theme
		ADDED from AndroidManifest.xml:39:48
	android:name
		ADDED from AndroidManifest.xml:39:13
	android:launchMode
		ADDED from AndroidManifest.xml:39:160
activity#net.oschina.app.ui.ScreenShotShare
ADDED from AndroidManifest.xml:40:3
	android:screenOrientation
		ADDED from AndroidManifest.xml:40:98
	android:configChanges
		ADDED from AndroidManifest.xml:40:135
	android:theme
		ADDED from AndroidManifest.xml:40:48
	android:name
		ADDED from AndroidManifest.xml:40:13
	android:launchMode
		ADDED from AndroidManifest.xml:40:186
activity#com.tencent.weibo.webview.OAuthV1AuthorizeWebView
ADDED from AndroidManifest.xml:41:3
	android:label
		ADDED from AndroidManifest.xml:41:78
	android:name
		ADDED from AndroidManifest.xml:41:13
activity#net.oschina.app.common.QQWeiboHelper2
ADDED from AndroidManifest.xml:42:3
	android:name
		ADDED from AndroidManifest.xml:42:13
receiver#net.oschina.app.ui.BroadCast
ADDED from AndroidManifest.xml:44:3
	android:name
		ADDED from AndroidManifest.xml:44:13
intent-filter#net.oschina.app.action.APPWIDGET_UPDATE
ADDED from AndroidManifest.xml:45:13
action#net.oschina.app.action.APPWIDGET_UPDATE
ADDED from AndroidManifest.xml:46:17
	android:name
		ADDED from AndroidManifest.xml:46:25
uses-permission#android.permission.INTERNET
ADDED from AndroidManifest.xml:51:5
	android:name
		ADDED from AndroidManifest.xml:51:22
uses-permission#android.permission.ACCESS_NETWORK_STATE
ADDED from AndroidManifest.xml:52:5
	android:name
		ADDED from AndroidManifest.xml:52:22
uses-permission#android.permission.ACCESS_WIFI_STATE
ADDED from AndroidManifest.xml:53:5
	android:name
		ADDED from AndroidManifest.xml:53:22
uses-permission#android.permission.WRITE_EXTERNAL_STORAGE
ADDED from AndroidManifest.xml:54:5
	android:name
		ADDED from AndroidManifest.xml:54:22
uses-permission#android.permission.SYSTEM_ALERT_WINDOW
ADDED from AndroidManifest.xml:55:5
	android:name
		ADDED from AndroidManifest.xml:55:22
uses-permission#android.permission.RESTART_PACKAGES
ADDED from AndroidManifest.xml:56:5
	android:name
		ADDED from AndroidManifest.xml:56:22